#! /opt/homebrew/Cellar/icarus-verilog/12.0/bin/vvp
:ivl_version "12.0 (stable)";
:ivl_delay_selection "TYPICAL";
:vpi_time_precision - 12;
:vpi_module "/opt/homebrew/Cellar/icarus-verilog/12.0/lib/ivl/system.vpi";
:vpi_module "/opt/homebrew/Cellar/icarus-verilog/12.0/lib/ivl/vhdl_sys.vpi";
:vpi_module "/opt/homebrew/Cellar/icarus-verilog/12.0/lib/ivl/vhdl_textio.vpi";
:vpi_module "/opt/homebrew/Cellar/icarus-verilog/12.0/lib/ivl/v2005_math.vpi";
:vpi_module "/opt/homebrew/Cellar/icarus-verilog/12.0/lib/ivl/va_math.vpi";
S_0x13860b2a0 .scope module, "pe_tb" "pe_tb" 2 9;
 .timescale -9 -12;
v0x138627b50_0 .var "clk", 0 0;
v0x138627be0_0 .var "en_compute", 0 0;
v0x138627c70_0 .var "in_act", 7 0;
v0x138627d20_0 .var "in_psum", 31 0;
v0x138627dd0_0 .var "in_weight", 7 0;
v0x138627ea0_0 .var "load_weight", 0 0;
v0x138627f50_0 .net "out_act", 7 0, v0x138627760_0;  1 drivers
v0x138628000_0 .net "out_psum", 31 0, v0x138627810_0;  1 drivers
v0x1386280b0_0 .var "rst_n", 0 0;
S_0x13860b410 .scope module, "dut" "pe" 2 23, 3 12 0, S_0x13860b2a0;
 .timescale 0 0;
    .port_info 0 /INPUT 1 "clk";
    .port_info 1 /INPUT 1 "rst_n";
    .port_info 2 /INPUT 1 "en_compute";
    .port_info 3 /INPUT 1 "load_weight";
    .port_info 4 /INPUT 8 "in_act";
    .port_info 5 /INPUT 8 "in_weight";
    .port_info 6 /INPUT 32 "in_psum";
    .port_info 7 /OUTPUT 8 "out_act";
    .port_info 8 /OUTPUT 32 "out_psum";
v0x138607590_0 .net "clk", 0 0, v0x138627b50_0;  1 drivers
v0x1386273e0_0 .net "en_compute", 0 0, v0x138627be0_0;  1 drivers
v0x138627480_0 .net "in_act", 7 0, v0x138627c70_0;  1 drivers
v0x138627520_0 .net "in_psum", 31 0, v0x138627d20_0;  1 drivers
v0x1386275d0_0 .net "in_weight", 7 0, v0x138627dd0_0;  1 drivers
v0x1386276c0_0 .net "load_weight", 0 0, v0x138627ea0_0;  1 drivers
v0x138627760_0 .var "out_act", 7 0;
v0x138627810_0 .var "out_psum", 31 0;
v0x1386278c0_0 .var/s "reg_weight", 7 0;
v0x1386279d0_0 .net "rst_n", 0 0, v0x1386280b0_0;  1 drivers
E_0x1386094d0/0 .event negedge, v0x1386279d0_0;
E_0x1386094d0/1 .event posedge, v0x138607590_0;
E_0x1386094d0 .event/or E_0x1386094d0/0, E_0x1386094d0/1;
    .scope S_0x13860b410;
T_0 ;
    %wait E_0x1386094d0;
    %load/vec4 v0x1386279d0_0;
    %nor/r;
    %flag_set/vec4 8;
    %jmp/0xz  T_0.0, 8;
    %pushi/vec4 0, 0, 8;
    %assign/vec4 v0x1386278c0_0, 0;
    %pushi/vec4 0, 0, 8;
    %assign/vec4 v0x138627760_0, 0;
    %pushi/vec4 0, 0, 32;
    %assign/vec4 v0x138627810_0, 0;
    %jmp T_0.1;
T_0.0 ;
    %load/vec4 v0x1386276c0_0;
    %flag_set/vec4 8;
    %jmp/0xz  T_0.2, 8;
    %load/vec4 v0x1386275d0_0;
    %assign/vec4 v0x1386278c0_0, 0;
T_0.2 ;
    %load/vec4 v0x1386273e0_0;
    %flag_set/vec4 8;
    %jmp/0xz  T_0.4, 8;
    %load/vec4 v0x138627480_0;
    %assign/vec4 v0x138627760_0, 0;
    %load/vec4 v0x138627520_0;
    %load/vec4 v0x138627480_0;
    %pad/s 32;
    %load/vec4 v0x1386278c0_0;
    %pad/s 32;
    %mul;
    %add;
    %assign/vec4 v0x138627810_0, 0;
T_0.4 ;
T_0.1 ;
    %jmp T_0;
    .thread T_0;
    .scope S_0x13860b2a0;
T_1 ;
    %delay 5000, 0;
    %load/vec4 v0x138627b50_0;
    %inv;
    %store/vec4 v0x138627b50_0, 0, 1;
    %jmp T_1;
    .thread T_1;
    .scope S_0x13860b2a0;
T_2 ;
    %vpi_call 2 38 "$dumpfile", "pe_check.vcd" {0 0 0};
    %vpi_call 2 39 "$dumpvars", 32'sb00000000000000000000000000000000, S_0x13860b2a0 {0 0 0};
    %pushi/vec4 0, 0, 1;
    %store/vec4 v0x138627b50_0, 0, 1;
    %pushi/vec4 0, 0, 1;
    %store/vec4 v0x1386280b0_0, 0, 1;
    %pushi/vec4 0, 0, 1;
    %store/vec4 v0x138627be0_0, 0, 1;
    %pushi/vec4 0, 0, 1;
    %store/vec4 v0x138627ea0_0, 0, 1;
    %pushi/vec4 0, 0, 8;
    %store/vec4 v0x138627c70_0, 0, 8;
    %pushi/vec4 0, 0, 8;
    %store/vec4 v0x138627dd0_0, 0, 8;
    %pushi/vec4 0, 0, 32;
    %store/vec4 v0x138627d20_0, 0, 32;
    %delay 20000, 0;
    %pushi/vec4 1, 0, 1;
    %store/vec4 v0x1386280b0_0, 0, 1;
    %vpi_call 2 51 "$display", "--- Test Case 1: Load Weight = 5 ---" {0 0 0};
    %delay 10000, 0;
    %pushi/vec4 1, 0, 1;
    %store/vec4 v0x138627ea0_0, 0, 1;
    %pushi/vec4 5, 0, 8;
    %store/vec4 v0x138627dd0_0, 0, 8;
    %delay 10000, 0;
    %pushi/vec4 0, 0, 1;
    %store/vec4 v0x138627ea0_0, 0, 1;
    %pushi/vec4 0, 0, 8;
    %store/vec4 v0x138627dd0_0, 0, 8;
    %vpi_call 2 63 "$display", "--- Test Case 2: Positive Calc (10 * 5 + 20) ---" {0 0 0};
    %pushi/vec4 1, 0, 1;
    %store/vec4 v0x138627be0_0, 0, 1;
    %pushi/vec4 10, 0, 8;
    %store/vec4 v0x138627c70_0, 0, 8;
    %pushi/vec4 20, 0, 32;
    %store/vec4 v0x138627d20_0, 0, 32;
    %delay 10000, 0;
    %load/vec4 v0x138628000_0;
    %cmpi/e 70, 0, 32;
    %jmp/0xz  T_2.0, 6;
    %vpi_call 2 70 "$display", "PASS: 20 + 10*5 = %d", v0x138628000_0 {0 0 0};
    %jmp T_2.1;
T_2.0 ;
    %vpi_call 2 72 "$display", "FAIL: Expected 70, Got %d", v0x138628000_0 {0 0 0};
T_2.1 ;
    %vpi_call 2 79 "$display", "--- Test Case 3: Negative Calc (-3 * 5 + 100) ---" {0 0 0};
    %pushi/vec4 253, 0, 8;
    %store/vec4 v0x138627c70_0, 0, 8;
    %pushi/vec4 100, 0, 32;
    %store/vec4 v0x138627d20_0, 0, 32;
    %delay 10000, 0;
    %load/vec4 v0x138628000_0;
    %cmpi/e 85, 0, 32;
    %jmp/0xz  T_2.2, 6;
    %vpi_call 2 85 "$display", "PASS: 100 + (-3)*5 = %d", v0x138628000_0 {0 0 0};
    %jmp T_2.3;
T_2.2 ;
    %vpi_call 2 87 "$display", "FAIL: Expected 85, Got %d", v0x138628000_0 {0 0 0};
T_2.3 ;
    %vpi_call 2 92 "$display", "--- Test Case 4: Data Passing ---" {0 0 0};
    %load/vec4 v0x138627f50_0;
    %pad/u 32;
    %cmpi/e 4294967293, 0, 32;
    %jmp/1 T_2.6, 6;
    %flag_mov 8, 6;
    %load/vec4 v0x138627f50_0;
    %cmpi/e 253, 0, 8;
    %flag_or 6, 8;
T_2.6;
    %jmp/0xz  T_2.4, 6;
    %vpi_call 2 95 "$display", "PASS: out_act passed correctly." {0 0 0};
    %jmp T_2.5;
T_2.4 ;
    %vpi_call 2 97 "$display", "FAIL: out_act not propagating." {0 0 0};
T_2.5 ;
    %vpi_call 2 99 "$finish" {0 0 0};
    %end;
    .thread T_2;
# The file index is used to find the file name in the following table.
:file_names 4;
    "N/A";
    "<interactive>";
    "pe_tb.v";
    "pe.v";
