#! /opt/homebrew/Cellar/icarus-verilog/12.0/bin/vvp
:ivl_version "12.0 (stable)";
:ivl_delay_selection "TYPICAL";
:vpi_time_precision - 12;
:vpi_module "/opt/homebrew/Cellar/icarus-verilog/12.0/lib/ivl/system.vpi";
:vpi_module "/opt/homebrew/Cellar/icarus-verilog/12.0/lib/ivl/vhdl_sys.vpi";
:vpi_module "/opt/homebrew/Cellar/icarus-verilog/12.0/lib/ivl/vhdl_textio.vpi";
:vpi_module "/opt/homebrew/Cellar/icarus-verilog/12.0/lib/ivl/v2005_math.vpi";
:vpi_module "/opt/homebrew/Cellar/icarus-verilog/12.0/lib/ivl/va_math.vpi";
S_0x12b606010 .scope module, "global_controller_tb" "global_controller_tb" 2 13;
 .timescale -9 -12;
v0x12b6176e0_0 .net "ap_done", 0 0, v0x12b616aa0_0;  1 drivers
v0x12b617770_0 .net "ap_idle", 0 0, v0x12b616b50_0;  1 drivers
v0x12b617800_0 .var "ap_start", 0 0;
v0x12b617890_0 .var "cfg_k_dim", 31 0;
v0x12b617920_0 .var "clk", 0 0;
v0x12b6179f0_0 .net "ctrl_drain_en", 0 0, v0x12b617080_0;  1 drivers
v0x12b617a80_0 .net "ctrl_input_stream_en", 0 0, v0x12b617120_0;  1 drivers
v0x12b617b30_0 .net "ctrl_weight_load_en", 0 0, v0x12b6171c0_0;  1 drivers
v0x12b617be0_0 .net "current_state_dbg", 2 0, v0x12b617260_0;  1 drivers
v0x12b617d10_0 .var "rst_n", 0 0;
E_0x12b606180 .event anyedge, v0x12b617260_0;
E_0x12b6061c0 .event anyedge, v0x12b616aa0_0;
S_0x12b606210 .scope module, "dut" "global_controller" 2 29, 3 9 0, S_0x12b606010;
 .timescale 0 0;
    .port_info 0 /INPUT 1 "clk";
    .port_info 1 /INPUT 1 "rst_n";
    .port_info 2 /INPUT 1 "ap_start";
    .port_info 3 /INPUT 32 "cfg_k_dim";
    .port_info 4 /OUTPUT 1 "ap_done";
    .port_info 5 /OUTPUT 1 "ap_idle";
    .port_info 6 /OUTPUT 3 "current_state_dbg";
    .port_info 7 /OUTPUT 1 "ctrl_weight_load_en";
    .port_info 8 /OUTPUT 1 "ctrl_input_stream_en";
    .port_info 9 /OUTPUT 1 "ctrl_acc_en";
    .port_info 10 /OUTPUT 1 "ctrl_drain_en";
P_0x12b6063e0 .param/l "S_COMPUTE" 1 3 34, C4<010>;
P_0x12b606420 .param/l "S_DONE" 1 3 36, C4<100>;
P_0x12b606460 .param/l "S_DRAIN" 1 3 35, C4<011>;
P_0x12b6064a0 .param/l "S_IDLE" 1 3 32, C4<000>;
P_0x12b6064e0 .param/l "S_LOAD_W" 1 3 33, C4<001>;
L_0x12b617dd0 .functor BUFZ 32, v0x12b617890_0, C4<00000000000000000000000000000000>, C4<00000000000000000000000000000000>, C4<00000000000000000000000000000000>;
v0x12b606940_0 .net "TARGET_COMPUTE_CYCLES", 31 0, L_0x12b617dd0;  1 drivers
L_0x120040010 .functor BUFT 1, C4<00000000000000000000000000001100>, C4<0>, C4<0>, C4<0>;
v0x12b6169f0_0 .net "TARGET_LOAD_CYCLES", 31 0, L_0x120040010;  1 drivers
v0x12b616aa0_0 .var "ap_done", 0 0;
v0x12b616b50_0 .var "ap_idle", 0 0;
v0x12b616bf0_0 .net "ap_start", 0 0, v0x12b617800_0;  1 drivers
v0x12b616cd0_0 .net "cfg_k_dim", 31 0, v0x12b617890_0;  1 drivers
v0x12b616d80_0 .net "clk", 0 0, v0x12b617920_0;  1 drivers
v0x12b616e20_0 .var "cnt_k", 31 0;
v0x12b616ed0_0 .var "cnt_load_w", 31 0;
v0x12b616fe0_0 .var "ctrl_acc_en", 0 0;
v0x12b617080_0 .var "ctrl_drain_en", 0 0;
v0x12b617120_0 .var "ctrl_input_stream_en", 0 0;
v0x12b6171c0_0 .var "ctrl_weight_load_en", 0 0;
v0x12b617260_0 .var "current_state_dbg", 2 0;
v0x12b617310_0 .var "next_state", 2 0;
v0x12b6173c0_0 .net "rst_n", 0 0, v0x12b617d10_0;  1 drivers
v0x12b617460_0 .var "state", 2 0;
E_0x12b606810 .event anyedge, v0x12b617460_0;
E_0x12b606860/0 .event negedge, v0x12b6173c0_0;
E_0x12b606860/1 .event posedge, v0x12b616d80_0;
E_0x12b606860 .event/or E_0x12b606860/0, E_0x12b606860/1;
E_0x12b6068b0/0 .event anyedge, v0x12b617460_0, v0x12b616bf0_0, v0x12b616ed0_0, v0x12b6169f0_0;
E_0x12b6068b0/1 .event anyedge, v0x12b616e20_0, v0x12b606940_0;
E_0x12b6068b0 .event/or E_0x12b6068b0/0, E_0x12b6068b0/1;
    .scope S_0x12b606210;
T_0 ;
    %wait E_0x12b606860;
    %load/vec4 v0x12b6173c0_0;
    %nor/r;
    %flag_set/vec4 8;
    %jmp/0xz  T_0.0, 8;
    %pushi/vec4 0, 0, 3;
    %assign/vec4 v0x12b617460_0, 0;
    %jmp T_0.1;
T_0.0 ;
    %load/vec4 v0x12b617310_0;
    %assign/vec4 v0x12b617460_0, 0;
T_0.1 ;
    %jmp T_0;
    .thread T_0;
    .scope S_0x12b606210;
T_1 ;
    %wait E_0x12b6068b0;
    %load/vec4 v0x12b617460_0;
    %store/vec4 v0x12b617310_0, 0, 3;
    %load/vec4 v0x12b617460_0;
    %dup/vec4;
    %pushi/vec4 0, 0, 3;
    %cmp/u;
    %jmp/1 T_1.0, 6;
    %dup/vec4;
    %pushi/vec4 1, 0, 3;
    %cmp/u;
    %jmp/1 T_1.1, 6;
    %dup/vec4;
    %pushi/vec4 2, 0, 3;
    %cmp/u;
    %jmp/1 T_1.2, 6;
    %dup/vec4;
    %pushi/vec4 3, 0, 3;
    %cmp/u;
    %jmp/1 T_1.3, 6;
    %dup/vec4;
    %pushi/vec4 4, 0, 3;
    %cmp/u;
    %jmp/1 T_1.4, 6;
    %pushi/vec4 0, 0, 3;
    %store/vec4 v0x12b617310_0, 0, 3;
    %jmp T_1.6;
T_1.0 ;
    %load/vec4 v0x12b616bf0_0;
    %flag_set/vec4 8;
    %jmp/0xz  T_1.7, 8;
    %pushi/vec4 1, 0, 3;
    %store/vec4 v0x12b617310_0, 0, 3;
T_1.7 ;
    %jmp T_1.6;
T_1.1 ;
    %load/vec4 v0x12b6169f0_0;
    %subi 1, 0, 32;
    %load/vec4 v0x12b616ed0_0;
    %cmp/u;
    %flag_or 5, 4;
    %jmp/0xz  T_1.9, 5;
    %pushi/vec4 2, 0, 3;
    %store/vec4 v0x12b617310_0, 0, 3;
T_1.9 ;
    %jmp T_1.6;
T_1.2 ;
    %load/vec4 v0x12b606940_0;
    %subi 1, 0, 32;
    %load/vec4 v0x12b616e20_0;
    %cmp/u;
    %flag_or 5, 4;
    %jmp/0xz  T_1.11, 5;
    %pushi/vec4 3, 0, 3;
    %store/vec4 v0x12b617310_0, 0, 3;
T_1.11 ;
    %jmp T_1.6;
T_1.3 ;
    %load/vec4 v0x12b616e20_0;
    %cmpi/u 10, 0, 32;
    %flag_inv 5; GE is !LT
    %jmp/0xz  T_1.13, 5;
    %pushi/vec4 4, 0, 3;
    %store/vec4 v0x12b617310_0, 0, 3;
T_1.13 ;
    %jmp T_1.6;
T_1.4 ;
    %load/vec4 v0x12b616bf0_0;
    %nor/r;
    %flag_set/vec4 8;
    %jmp/0xz  T_1.15, 8;
    %pushi/vec4 0, 0, 3;
    %store/vec4 v0x12b617310_0, 0, 3;
T_1.15 ;
    %jmp T_1.6;
T_1.6 ;
    %pop/vec4 1;
    %jmp T_1;
    .thread T_1, $push;
    .scope S_0x12b606210;
T_2 ;
    %wait E_0x12b606860;
    %load/vec4 v0x12b6173c0_0;
    %nor/r;
    %flag_set/vec4 8;
    %jmp/0xz  T_2.0, 8;
    %pushi/vec4 0, 0, 32;
    %assign/vec4 v0x12b616e20_0, 0;
    %pushi/vec4 0, 0, 32;
    %assign/vec4 v0x12b616ed0_0, 0;
    %pushi/vec4 0, 0, 1;
    %assign/vec4 v0x12b616aa0_0, 0;
    %pushi/vec4 1, 0, 1;
    %assign/vec4 v0x12b616b50_0, 0;
    %pushi/vec4 0, 0, 1;
    %assign/vec4 v0x12b6171c0_0, 0;
    %pushi/vec4 0, 0, 1;
    %assign/vec4 v0x12b617120_0, 0;
    %pushi/vec4 0, 0, 1;
    %assign/vec4 v0x12b617080_0, 0;
    %jmp T_2.1;
T_2.0 ;
    %pushi/vec4 0, 0, 1;
    %assign/vec4 v0x12b616aa0_0, 0;
    %load/vec4 v0x12b617460_0;
    %dup/vec4;
    %pushi/vec4 0, 0, 3;
    %cmp/u;
    %jmp/1 T_2.2, 6;
    %dup/vec4;
    %pushi/vec4 1, 0, 3;
    %cmp/u;
    %jmp/1 T_2.3, 6;
    %dup/vec4;
    %pushi/vec4 2, 0, 3;
    %cmp/u;
    %jmp/1 T_2.4, 6;
    %dup/vec4;
    %pushi/vec4 3, 0, 3;
    %cmp/u;
    %jmp/1 T_2.5, 6;
    %dup/vec4;
    %pushi/vec4 4, 0, 3;
    %cmp/u;
    %jmp/1 T_2.6, 6;
    %jmp T_2.7;
T_2.2 ;
    %pushi/vec4 1, 0, 1;
    %assign/vec4 v0x12b616b50_0, 0;
    %pushi/vec4 0, 0, 32;
    %assign/vec4 v0x12b616e20_0, 0;
    %pushi/vec4 0, 0, 32;
    %assign/vec4 v0x12b616ed0_0, 0;
    %pushi/vec4 0, 0, 1;
    %assign/vec4 v0x12b6171c0_0, 0;
    %pushi/vec4 0, 0, 1;
    %assign/vec4 v0x12b617120_0, 0;
    %pushi/vec4 0, 0, 1;
    %assign/vec4 v0x12b617080_0, 0;
    %jmp T_2.7;
T_2.3 ;
    %pushi/vec4 0, 0, 1;
    %assign/vec4 v0x12b616b50_0, 0;
    %pushi/vec4 1, 0, 1;
    %assign/vec4 v0x12b6171c0_0, 0;
    %load/vec4 v0x12b616ed0_0;
    %addi 1, 0, 32;
    %assign/vec4 v0x12b616ed0_0, 0;
    %jmp T_2.7;
T_2.4 ;
    %pushi/vec4 0, 0, 1;
    %assign/vec4 v0x12b6171c0_0, 0;
    %pushi/vec4 1, 0, 1;
    %assign/vec4 v0x12b617120_0, 0;
    %load/vec4 v0x12b616e20_0;
    %addi 1, 0, 32;
    %assign/vec4 v0x12b616e20_0, 0;
    %jmp T_2.7;
T_2.5 ;
    %pushi/vec4 0, 0, 1;
    %assign/vec4 v0x12b617120_0, 0;
    %pushi/vec4 1, 0, 1;
    %assign/vec4 v0x12b617080_0, 0;
    %load/vec4 v0x12b616e20_0;
    %addi 1, 0, 32;
    %assign/vec4 v0x12b616e20_0, 0;
    %jmp T_2.7;
T_2.6 ;
    %pushi/vec4 0, 0, 1;
    %assign/vec4 v0x12b617080_0, 0;
    %pushi/vec4 1, 0, 1;
    %assign/vec4 v0x12b616aa0_0, 0;
    %pushi/vec4 0, 0, 32;
    %assign/vec4 v0x12b616e20_0, 0;
    %jmp T_2.7;
T_2.7 ;
    %pop/vec4 1;
T_2.1 ;
    %jmp T_2;
    .thread T_2;
    .scope S_0x12b606210;
T_3 ;
    %wait E_0x12b606810;
    %load/vec4 v0x12b617460_0;
    %store/vec4 v0x12b617260_0, 0, 3;
    %jmp T_3;
    .thread T_3, $push;
    .scope S_0x12b606010;
T_4 ;
    %delay 5000, 0;
    %load/vec4 v0x12b617920_0;
    %inv;
    %store/vec4 v0x12b617920_0, 0, 1;
    %jmp T_4;
    .thread T_4;
    .scope S_0x12b606010;
T_5 ;
    %vpi_call 2 49 "$dumpfile", "controller_check.vcd" {0 0 0};
    %vpi_call 2 50 "$dumpvars", 32'sb00000000000000000000000000000000, S_0x12b606010 {0 0 0};
    %pushi/vec4 0, 0, 1;
    %store/vec4 v0x12b617920_0, 0, 1;
    %pushi/vec4 0, 0, 1;
    %store/vec4 v0x12b617d10_0, 0, 1;
    %pushi/vec4 0, 0, 1;
    %store/vec4 v0x12b617800_0, 0, 1;
    %pushi/vec4 32, 0, 32;
    %store/vec4 v0x12b617890_0, 0, 32;
    %delay 20000, 0;
    %pushi/vec4 1, 0, 1;
    %store/vec4 v0x12b617d10_0, 0, 1;
    %vpi_call 2 60 "$display", "Time %0t: System Reset Released", $time {0 0 0};
    %delay 20000, 0;
    %pushi/vec4 1, 0, 1;
    %store/vec4 v0x12b617800_0, 0, 1;
    %vpi_call 2 64 "$display", "Time %0t: AP_START Triggered", $time {0 0 0};
    %delay 30000, 0;
    %pushi/vec4 0, 0, 1;
    %store/vec4 v0x12b617800_0, 0, 1;
T_5.0 ;
    %load/vec4 v0x12b6176e0_0;
    %pad/u 32;
    %pushi/vec4 1, 0, 32;
    %cmp/e;
    %flag_get/vec4 4;
    %cmpi/ne 1, 0, 1;
    %jmp/0xz T_5.1, 6;
    %wait E_0x12b6061c0;
    %jmp T_5.0;
T_5.1 ;
    %vpi_call 2 71 "$display", "Time %0t: AP_DONE Received! Checkpoint Passed.", $time {0 0 0};
    %delay 20000, 0;
    %load/vec4 v0x12b617770_0;
    %pad/u 32;
    %cmpi/e 1, 0, 32;
    %jmp/0xz  T_5.2, 4;
    %vpi_call 2 76 "$display", "Time %0t: System correctly returned to IDLE.", $time {0 0 0};
    %jmp T_5.3;
T_5.2 ;
    %vpi_call 2 78 "$display", "Error: System stuck." {0 0 0};
T_5.3 ;
    %vpi_call 2 80 "$finish" {0 0 0};
    %end;
    .thread T_5;
    .scope S_0x12b606010;
T_6 ;
    %wait E_0x12b606180;
    %load/vec4 v0x12b617be0_0;
    %dup/vec4;
    %pushi/vec4 0, 0, 3;
    %cmp/u;
    %jmp/1 T_6.0, 6;
    %dup/vec4;
    %pushi/vec4 1, 0, 3;
    %cmp/u;
    %jmp/1 T_6.1, 6;
    %dup/vec4;
    %pushi/vec4 2, 0, 3;
    %cmp/u;
    %jmp/1 T_6.2, 6;
    %dup/vec4;
    %pushi/vec4 3, 0, 3;
    %cmp/u;
    %jmp/1 T_6.3, 6;
    %dup/vec4;
    %pushi/vec4 4, 0, 3;
    %cmp/u;
    %jmp/1 T_6.4, 6;
    %jmp T_6.5;
T_6.0 ;
    %vpi_call 2 86 "$display", "Time %0t: State -> IDLE", $time {0 0 0};
    %jmp T_6.5;
T_6.1 ;
    %vpi_call 2 87 "$display", "Time %0t: State -> LOAD_WEIGHTS", $time {0 0 0};
    %jmp T_6.5;
T_6.2 ;
    %vpi_call 2 88 "$display", "Time %0t: State -> COMPUTE", $time {0 0 0};
    %jmp T_6.5;
T_6.3 ;
    %vpi_call 2 89 "$display", "Time %0t: State -> DRAIN", $time {0 0 0};
    %jmp T_6.5;
T_6.4 ;
    %vpi_call 2 90 "$display", "Time %0t: State -> DONE", $time {0 0 0};
    %jmp T_6.5;
T_6.5 ;
    %pop/vec4 1;
    %jmp T_6;
    .thread T_6, $push;
# The file index is used to find the file name in the following table.
:file_names 4;
    "N/A";
    "<interactive>";
    "global_controller_tb.v";
    "global_controller.v";
